{"name": "Remove item from cart", "status": "broken", "statusDetails": {"message": "selenium.common.exceptions.NoSuchElementException: Message: no such element: Unable to locate element: {\"method\":\"css selector\",\"selector\":\"[id=\"remove-sauce-labs-backpack\"]\"}\n  (Session info: chrome=116.0.5845.96); For documentation on this error, please visit: https://www.selenium.dev/documentation/webdriver/troubleshooting/errors#no-such-element-exception\nStacktrace:\n\tGetHandleVerifier [0x00007FF62F0552A2+57122]\n\t(No symbol) [0x00007FF62EFCEA92]\n\t(No symbol) [0x00007FF62EE9E3AB]\n\t(No symbol) [0x00007FF62EED7D3E]\n\t(No symbol) [0x00007FF62EED7E2C]\n\t(No symbol) [0x00007FF62EF10B67]\n\t(No symbol) [0x00007FF62EEF701F]\n\t(No symbol) [0x00007FF62EF0EB82]\n\t(No symbol) [0x00007FF62EEF6DB3]\n\t(No symbol) [0x00007FF62EECD2B1]\n\t(No symbol) [0x00007FF62EECE494]\n\tGetHandleVerifier [0x00007FF62F2FEF82+2849794]\n\tGetHandleVerifier [0x00007FF62F351D24+3189156]\n\tGetHandleVerifier [0x00007FF62F34ACAF+3160367]\n\tGetHandleVerifier [0x00007FF62F0E6D06+653702]\n\t(No symbol) [0x00007FF62EFDA208]\n\t(No symbol) [0x00007FF62EFD62C4]\n\t(No symbol) [0x00007FF62EFD63F6]\n\t(No symbol) [0x00007FF62EFC67A3]\n\tBaseThreadInitThunk [0x00007FF8B23826AD+29]\n\tRtlUserThreadStart [0x00007FF8B2E6AA68+40]\n\n", "trace": "  File \"C:\\Users\\AhsanKhuluk\\Documents\\Automation\\ahsanLab\\gitHub\\sauceLabPythonBehave\\venv\\Lib\\site-packages\\behave\\model.py\", line 1329, in run\n    match.run(runner.context)\n  File \"C:\\Users\\AhsanKhuluk\\Documents\\Automation\\ahsanLab\\gitHub\\sauceLabPythonBehave\\venv\\Lib\\site-packages\\behave\\matchers.py\", line 98, in run\n    self.func(context, *args, **kwargs)\n  File \"C:\\Users\\AhsanKhuluk\\Documents\\Automation\\ahsanLab\\gitHub\\sauceLabPythonBehave\\tests\\frontend\\order\\steps\\order_step.py\", line 15, in remove_item\n    home_page.remove_item(context)\n  File \"C:\\Users\\AhsanKhuluk\\Documents\\Automation\\ahsanLab\\gitHub\\sauceLabPythonBehave\\tests\\pages\\home_page.py\", line 26, in remove_item\n    webcommon.click(context, remove_type, remove_string)\n  File \"C:\\Users\\AhsanKhuluk\\Documents\\Automation\\ahsanLab\\gitHub\\sauceLabPythonBehave\\BDD_common\\common_funcs\\webcommon.py\", line 141, in click\n    element = context_or_element.driver.find_element(locator_att, locator_text)\n              ^^^^^^^^^^^^^^^^^^^^^^^^^^^^^^^^^^^^^^^^^^^^^^^^^^^^^^^^^^^^^^^^^\n  File \"C:\\Users\\AhsanKhuluk\\Documents\\Automation\\ahsanLab\\gitHub\\sauceLabPythonBehave\\venv\\Lib\\site-packages\\selenium\\webdriver\\remote\\webdriver.py\", line 739, in find_element\n    return self.execute(Command.FIND_ELEMENT, {\"using\": by, \"value\": value})[\"value\"]\n           ^^^^^^^^^^^^^^^^^^^^^^^^^^^^^^^^^^^^^^^^^^^^^^^^^^^^^^^^^^^^^^^^^\n  File \"C:\\Users\\AhsanKhuluk\\Documents\\Automation\\ahsanLab\\gitHub\\sauceLabPythonBehave\\venv\\Lib\\site-packages\\selenium\\webdriver\\remote\\webdriver.py\", line 345, in execute\n    self.error_handler.check_response(response)\n  File \"C:\\Users\\AhsanKhuluk\\Documents\\Automation\\ahsanLab\\gitHub\\sauceLabPythonBehave\\venv\\Lib\\site-packages\\selenium\\webdriver\\remote\\errorhandler.py\", line 229, in check_response\n    raise exception_class(message, screen, stacktrace)\n"}, "steps": [{"name": "Given user already on home page", "status": "passed", "start": 1692552937228, "stop": 1692552940913}, {"name": "When user click remove", "status": "broken", "statusDetails": {"message": "selenium.common.exceptions.NoSuchElementException: Message: no such element: Unable to locate element: {\"method\":\"css selector\",\"selector\":\"[id=\"remove-sauce-labs-backpack\"]\"}\n  (Session info: chrome=116.0.5845.96); For documentation on this error, please visit: https://www.selenium.dev/documentation/webdriver/troubleshooting/errors#no-such-element-exception\nStacktrace:\n\tGetHandleVerifier [0x00007FF62F0552A2+57122]\n\t(No symbol) [0x00007FF62EFCEA92]\n\t(No symbol) [0x00007FF62EE9E3AB]\n\t(No symbol) [0x00007FF62EED7D3E]\n\t(No symbol) [0x00007FF62EED7E2C]\n\t(No symbol) [0x00007FF62EF10B67]\n\t(No symbol) [0x00007FF62EEF701F]\n\t(No symbol) [0x00007FF62EF0EB82]\n\t(No symbol) [0x00007FF62EEF6DB3]\n\t(No symbol) [0x00007FF62EECD2B1]\n\t(No symbol) [0x00007FF62EECE494]\n\tGetHandleVerifier [0x00007FF62F2FEF82+2849794]\n\tGetHandleVerifier [0x00007FF62F351D24+3189156]\n\tGetHandleVerifier [0x00007FF62F34ACAF+3160367]\n\tGetHandleVerifier [0x00007FF62F0E6D06+653702]\n\t(No symbol) [0x00007FF62EFDA208]\n\t(No symbol) [0x00007FF62EFD62C4]\n\t(No symbol) [0x00007FF62EFD63F6]\n\t(No symbol) [0x00007FF62EFC67A3]\n\tBaseThreadInitThunk [0x00007FF8B23826AD+29]\n\tRtlUserThreadStart [0x00007FF8B2E6AA68+40]\n\n", "trace": "  File \"C:\\Users\\AhsanKhuluk\\Documents\\Automation\\ahsanLab\\gitHub\\sauceLabPythonBehave\\venv\\Lib\\site-packages\\behave\\model.py\", line 1329, in run\n    match.run(runner.context)\n  File \"C:\\Users\\AhsanKhuluk\\Documents\\Automation\\ahsanLab\\gitHub\\sauceLabPythonBehave\\venv\\Lib\\site-packages\\behave\\matchers.py\", line 98, in run\n    self.func(context, *args, **kwargs)\n  File \"C:\\Users\\AhsanKhuluk\\Documents\\Automation\\ahsanLab\\gitHub\\sauceLabPythonBehave\\tests\\frontend\\order\\steps\\order_step.py\", line 15, in remove_item\n    home_page.remove_item(context)\n  File \"C:\\Users\\AhsanKhuluk\\Documents\\Automation\\ahsanLab\\gitHub\\sauceLabPythonBehave\\tests\\pages\\home_page.py\", line 26, in remove_item\n    webcommon.click(context, remove_type, remove_string)\n  File \"C:\\Users\\AhsanKhuluk\\Documents\\Automation\\ahsanLab\\gitHub\\sauceLabPythonBehave\\BDD_common\\common_funcs\\webcommon.py\", line 141, in click\n    element = context_or_element.driver.find_element(locator_att, locator_text)\n              ^^^^^^^^^^^^^^^^^^^^^^^^^^^^^^^^^^^^^^^^^^^^^^^^^^^^^^^^^^^^^^^^^\n  File \"C:\\Users\\AhsanKhuluk\\Documents\\Automation\\ahsanLab\\gitHub\\sauceLabPythonBehave\\venv\\Lib\\site-packages\\selenium\\webdriver\\remote\\webdriver.py\", line 739, in find_element\n    return self.execute(Command.FIND_ELEMENT, {\"using\": by, \"value\": value})[\"value\"]\n           ^^^^^^^^^^^^^^^^^^^^^^^^^^^^^^^^^^^^^^^^^^^^^^^^^^^^^^^^^^^^^^^^^\n  File \"C:\\Users\\AhsanKhuluk\\Documents\\Automation\\ahsanLab\\gitHub\\sauceLabPythonBehave\\venv\\Lib\\site-packages\\selenium\\webdriver\\remote\\webdriver.py\", line 345, in execute\n    self.error_handler.check_response(response)\n  File \"C:\\Users\\AhsanKhuluk\\Documents\\Automation\\ahsanLab\\gitHub\\sauceLabPythonBehave\\venv\\Lib\\site-packages\\selenium\\webdriver\\remote\\errorhandler.py\", line 229, in check_response\n    raise exception_class(message, screen, stacktrace)\n"}, "start": 1692552940914, "stop": 1692552955956}, {"name": "Then item will be removed", "status": "skipped", "start": 1692552955960, "stop": 1692552955960}], "start": 1692552937225, "stop": 1692552955960, "uuid": "b30f8d11-56a8-466a-94e7-8d9dc1a3109b", "historyId": "0ea8e7af232f084fc8005aaf92706356", "fullName": "Buy the products: Remove item from cart", "labels": [{"name": "severity", "value": "normal"}, {"name": "feature", "value": "Buy the products"}, {"name": "framework", "value": "behave"}, {"name": "language", "value": "cpython3"}]}