[
{
  "description": [
    "As a user, I want to able to sign in",
    "SO that I can access all features"
  ],
  "elements": [
    {
      "keyword": "Background",
      "location": "tests/frontend/login/login.feature:7",
      "name": "",
      "steps": [
        {
          "keyword": "Given",
          "location": "tests/frontend/login/login.feature:8",
          "name": "user go to login page",
          "step_type": "given"
        }
      ],
      "type": "background"
    },
    {
      "keyword": "Scenario",
      "location": "tests/frontend/login/login.feature:11",
      "name": "Login with valid credential",
      "status": "passed",
      "steps": [
        {
          "keyword": "Given",
          "location": "tests/frontend/login/login.feature:8",
          "match": {
            "arguments": [],
            "location": "tests/steps/webcommonStep.py:6"
          },
          "name": "user go to login page",
          "result": {
            "duration": 3.7701120376586914,
            "status": "passed"
          },
          "step_type": "given"
        },
        {
          "keyword": "When",
          "location": "tests/frontend/login/login.feature:12",
          "match": {
            "arguments": [],
            "location": "tests/frontend/login/steps/login_step.py:5"
          },
          "name": "user enters the username",
          "result": {
            "duration": 0.12767791748046875,
            "status": "passed"
          },
          "step_type": "when"
        },
        {
          "keyword": "And",
          "location": "tests/frontend/login/login.feature:13",
          "match": {
            "arguments": [],
            "location": "tests/frontend/login/steps/login_step.py:10"
          },
          "name": "user enters the password",
          "result": {
            "duration": 0.0697476863861084,
            "status": "passed"
          },
          "step_type": "when"
        },
        {
          "keyword": "And",
          "location": "tests/frontend/login/login.feature:14",
          "match": {
            "arguments": [],
            "location": "tests/frontend/login/steps/login_step.py:15"
          },
          "name": "user click login button",
          "result": {
            "duration": 0.08421540260314941,
            "status": "passed"
          },
          "step_type": "when"
        },
        {
          "keyword": "Then",
          "location": "tests/frontend/login/login.feature:15",
          "match": {
            "arguments": [],
            "location": "tests/frontend/login/steps/login_step.py:20"
          },
          "name": "user should be navigated to the dashboard",
          "result": {
            "duration": 0.03401470184326172,
            "status": "passed"
          },
          "step_type": "then"
        }
      ],
      "tags": [
        "tcId001"
      ],
      "type": "scenario"
    },
    {
      "keyword": "Scenario",
      "location": "tests/frontend/login/login.feature:18",
      "name": "Login with invalid credential",
      "status": "passed",
      "steps": [
        {
          "keyword": "Given",
          "location": "tests/frontend/login/login.feature:8",
          "match": {
            "arguments": [],
            "location": "tests/steps/webcommonStep.py:6"
          },
          "name": "user go to login page",
          "result": {
            "duration": 2.8810722827911377,
            "status": "passed"
          },
          "step_type": "given"
        },
        {
          "keyword": "When",
          "location": "tests/frontend/login/login.feature:19",
          "match": {
            "arguments": [],
            "location": "tests/frontend/login/steps/login_step.py:25"
          },
          "name": "user enters the invalid username",
          "result": {
            "duration": 0.12707734107971191,
            "status": "passed"
          },
          "step_type": "when"
        },
        {
          "keyword": "And",
          "location": "tests/frontend/login/login.feature:20",
          "match": {
            "arguments": [],
            "location": "tests/frontend/login/steps/login_step.py:30"
          },
          "name": "user enters the invalid password",
          "result": {
            "duration": 0.06615042686462402,
            "status": "passed"
          },
          "step_type": "when"
        },
        {
          "keyword": "And",
          "location": "tests/frontend/login/login.feature:21",
          "match": {
            "arguments": [],
            "location": "tests/frontend/login/steps/login_step.py:15"
          },
          "name": "user click login button",
          "result": {
            "duration": 0.05527830123901367,
            "status": "passed"
          },
          "step_type": "when"
        },
        {
          "keyword": "Then",
          "location": "tests/frontend/login/login.feature:22",
          "match": {
            "arguments": [],
            "location": "tests/frontend/login/steps/login_step.py:35"
          },
          "name": "user will get the error message",
          "result": {
            "duration": 0.024999380111694336,
            "status": "passed"
          },
          "step_type": "then"
        }
      ],
      "tags": [
        "tcId002"
      ],
      "type": "scenario"
    }
  ],
  "keyword": "Feature",
  "location": "tests/frontend/login/login.feature:3",
  "name": "Login",
  "status": "passed",
  "tags": [
    "smokeTest"
  ]
},

{
  "elements": [
    {
      "keyword": "Scenario",
      "location": "tests/frontend/order/buy_product.feature:4",
      "name": "Add item to cart",
      "status": "passed",
      "steps": [
        {
          "keyword": "Given",
          "location": "tests/frontend/order/buy_product.feature:5",
          "match": {
            "arguments": [],
            "location": "tests/steps/webcommonStep.py:12"
          },
          "name": "user already on home page",
          "result": {
            "duration": 3.927833318710327,
            "status": "passed"
          },
          "step_type": "given"
        },
        {
          "keyword": "When",
          "location": "tests/frontend/order/buy_product.feature:6",
          "match": {
            "arguments": [],
            "location": "tests/frontend/order/steps/order_step.py:5"
          },
          "name": "user pick backpack",
          "result": {
            "duration": 0.06447434425354004,
            "status": "passed"
          },
          "step_type": "when"
        },
        {
          "keyword": "Then",
          "location": "tests/frontend/order/buy_product.feature:7",
          "match": {
            "arguments": [],
            "location": "tests/frontend/order/steps/order_step.py:9"
          },
          "name": "item successfully picked",
          "result": {
            "duration": 0.029547452926635742,
            "status": "passed"
          },
          "step_type": "then"
        }
      ],
      "tags": [
        "tcId005"
      ],
      "type": "scenario"
    },
    {
      "keyword": "Scenario",
      "location": "tests/frontend/order/buy_product.feature:10",
      "name": "Remove item from cart",
      "status": "failed",
      "steps": [
        {
          "keyword": "Given",
          "location": "tests/frontend/order/buy_product.feature:11",
          "match": {
            "arguments": [],
            "location": "tests/steps/webcommonStep.py:12"
          },
          "name": "user already on home page",
          "result": {
            "duration": 3.684530258178711,
            "status": "passed"
          },
          "step_type": "given"
        },
        {
          "keyword": "When",
          "location": "tests/frontend/order/buy_product.feature:12",
          "match": {
            "arguments": [],
            "location": "tests/frontend/order/steps/order_step.py:13"
          },
          "name": "user click remove",
          "result": {
            "duration": 15.038910150527954,
            "error_message": [
              "Traceback (most recent call last):",
              "  File \"C:\\Users\\AhsanKhuluk\\Documents\\Automation\\ahsanLab\\gitHub\\sauceLabPythonBehave\\venv\\Lib\\site-packages\\behave\\model.py\", line 1329, in run",
              "    match.run(runner.context)",
              "  File \"C:\\Users\\AhsanKhuluk\\Documents\\Automation\\ahsanLab\\gitHub\\sauceLabPythonBehave\\venv\\Lib\\site-packages\\behave\\matchers.py\", line 98, in run",
              "    self.func(context, *args, **kwargs)",
              "  File \"C:\\Users\\AhsanKhuluk\\Documents\\Automation\\ahsanLab\\gitHub\\sauceLabPythonBehave\\tests\\frontend\\order\\steps\\order_step.py\", line 15, in remove_item",
              "    home_page.remove_item(context)",
              "  File \"C:\\Users\\AhsanKhuluk\\Documents\\Automation\\ahsanLab\\gitHub\\sauceLabPythonBehave\\tests\\pages\\home_page.py\", line 26, in remove_item",
              "    webcommon.click(context, remove_type, remove_string)",
              "  File \"C:\\Users\\AhsanKhuluk\\Documents\\Automation\\ahsanLab\\gitHub\\sauceLabPythonBehave\\BDD_common\\common_funcs\\webcommon.py\", line 141, in click",
              "    element = context_or_element.driver.find_element(locator_att, locator_text)",
              "              ^^^^^^^^^^^^^^^^^^^^^^^^^^^^^^^^^^^^^^^^^^^^^^^^^^^^^^^^^^^^^^^^^",
              "  File \"C:\\Users\\AhsanKhuluk\\Documents\\Automation\\ahsanLab\\gitHub\\sauceLabPythonBehave\\venv\\Lib\\site-packages\\selenium\\webdriver\\remote\\webdriver.py\", line 739, in find_element",
              "    return self.execute(Command.FIND_ELEMENT, {\"using\": by, \"value\": value})[\"value\"]",
              "           ^^^^^^^^^^^^^^^^^^^^^^^^^^^^^^^^^^^^^^^^^^^^^^^^^^^^^^^^^^^^^^^^^",
              "  File \"C:\\Users\\AhsanKhuluk\\Documents\\Automation\\ahsanLab\\gitHub\\sauceLabPythonBehave\\venv\\Lib\\site-packages\\selenium\\webdriver\\remote\\webdriver.py\", line 345, in execute",
              "    self.error_handler.check_response(response)",
              "  File \"C:\\Users\\AhsanKhuluk\\Documents\\Automation\\ahsanLab\\gitHub\\sauceLabPythonBehave\\venv\\Lib\\site-packages\\selenium\\webdriver\\remote\\errorhandler.py\", line 229, in check_response",
              "    raise exception_class(message, screen, stacktrace)",
              "selenium.common.exceptions.NoSuchElementException: Message: no such element: Unable to locate element: {\"method\":\"css selector\",\"selector\":\"[id=\"remove-sauce-labs-backpack\"]\"}",
              "  (Session info: chrome=116.0.5845.96); For documentation on this error, please visit: https://www.selenium.dev/documentation/webdriver/troubleshooting/errors#no-such-element-exception",
              "Stacktrace:",
              "\tGetHandleVerifier [0x00007FF62F0552A2+57122]",
              "\t(No symbol) [0x00007FF62EFCEA92]",
              "\t(No symbol) [0x00007FF62EE9E3AB]",
              "\t(No symbol) [0x00007FF62EED7D3E]",
              "\t(No symbol) [0x00007FF62EED7E2C]",
              "\t(No symbol) [0x00007FF62EF10B67]",
              "\t(No symbol) [0x00007FF62EEF701F]",
              "\t(No symbol) [0x00007FF62EF0EB82]",
              "\t(No symbol) [0x00007FF62EEF6DB3]",
              "\t(No symbol) [0x00007FF62EECD2B1]",
              "\t(No symbol) [0x00007FF62EECE494]",
              "\tGetHandleVerifier [0x00007FF62F2FEF82+2849794]",
              "\tGetHandleVerifier [0x00007FF62F351D24+3189156]",
              "\tGetHandleVerifier [0x00007FF62F34ACAF+3160367]",
              "\tGetHandleVerifier [0x00007FF62F0E6D06+653702]",
              "\t(No symbol) [0x00007FF62EFDA208]",
              "\t(No symbol) [0x00007FF62EFD62C4]",
              "\t(No symbol) [0x00007FF62EFD63F6]",
              "\t(No symbol) [0x00007FF62EFC67A3]",
              "\tBaseThreadInitThunk [0x00007FF8B23826AD+29]",
              "\tRtlUserThreadStart [0x00007FF8B2E6AA68+40]",
              ""
            ],
            "status": "failed"
          },
          "step_type": "when"
        },
        {
          "keyword": "Then",
          "location": "tests/frontend/order/buy_product.feature:13",
          "name": "item will be removed",
          "step_type": "then"
        }
      ],
      "tags": [],
      "type": "scenario"
    }
  ],
  "keyword": "Feature",
  "location": "tests/frontend/order/buy_product.feature:1",
  "name": "Buy the products",
  "status": "failed",
  "tags": []
}
]
